2024-12-28 07:10:14 0 0
2025-01-21 07:10:14 70151909 98636239
2025-01-21 07:15:35 70567520 99046667
2025-01-21 07:15:38 70573104 99051906
2025-01-21 07:15:39 70577666 99058336
2025-01-21 07:18:05 70951155 99481343
2025-01-21 07:21:05 71289590 99851446
2025-01-21 07:32:50 72492035 101375372
2025-01-21 07:40:43 73089166 102023962
2025-01-21 07:47:28 73463583 102405866
2025-01-21 07:49:31 73692938 102652450
2025-01-21 07:55:07 74393730 103581689
2025-01-21 07:58:09 74662636 103869460
2025-01-21 08:00:12 74774459 103978510
2025-01-21 08:00:31 74799473 104009145
2025-01-21 08:02:16 75001579 104210706
2025-01-21 08:03:21 75052198 104266518
2025-01-21 08:04:50 75241898 104459784
2025-01-21 08:05:15 75277833 104498983
2025-01-21 08:05:53 75360556 104581598
2025-01-21 08:06:23 76110881 105615659
2025-01-21 08:08:24 76889975 105993156
2025-01-21 08:08:35 76929106 106027690
2025-01-21 08:09:03 76979119 106068871
2025-01-21 08:31:01 77975596 106973358
2025-01-21 08:36:12 78525063 107561338
2025-01-21 09:40:31 78648793 107579186
2025-01-21 09:44:16 83244610 110830848
2025-01-22 02:55:11 89864024 114735959
2025-01-22 02:55:29 89876336 114745169
2025-01-22 02:57:16 90140727 115098596
2025-01-22 02:58:16 90227237 115202312
2025-01-22 02:59:23 90300515 115278285
2025-01-22 03:00:41 90432261 115380154
2025-01-22 03:02:50 90507347 115453452
2025-01-22 03:05:37 90617368 115534912
