2024-12-22T11:27:30.539Z: 当前内存使用率: 49.50%
2024-12-22T11:27:30.582Z: 获取 Docker 容器信息时出错: connect ENOENT /var/run/docker.sock
2024-12-22T11:27:30.582Z: 内存使用最多的前 3 个进程:
2024-12-22T11:27:30.583Z: PID: 1932, 名称: node, 内存: 4.30%
2024-12-22T11:27:30.583Z: PID: 1927, 名称: node, 内存: 2.00%
2024-12-22T11:27:30.583Z: PID: 868, 名称: node, 内存: 1.90%
2024-12-22T11:27:30.583Z: 内存使用最多的前 3 个 Docker 容器:
2024-12-22T11:28:55.621Z: 当前内存使用率: 52.68%
2024-12-22T11:28:55.658Z: 获取 Docker 容器信息时出错: connect ENOENT /var/run/docker.sock
2024-12-22T11:28:55.658Z: 内存使用最多的前 3 个进程:
2024-12-22T11:28:55.659Z: PID: 1932, 名称: node, 内存: 7.00%
2024-12-22T11:28:55.659Z: PID: 868, 名称: node, 内存: 2.10%
2024-12-22T11:28:55.659Z: PID: 1927, 名称: node, 内存: 2.00%
2024-12-22T11:28:55.659Z: 内存使用最多的前 3 个 Docker 容器:
2024-12-22T11:33:55.744Z: 当前内存使用率: 49.86%
2024-12-22T11:33:55.784Z: 获取 Docker 容器信息时出错: connect ENOENT /var/run/docker.sock
2024-12-22T11:33:55.785Z: 内存使用最多的前 3 个进程:
2024-12-22T11:33:55.785Z: PID: 1932, 名称: node, 内存: 4.10%
2024-12-22T11:33:55.785Z: PID: 868, 名称: node, 内存: 2.00%
2024-12-22T11:33:55.785Z: PID: 1927, 名称: node, 内存: 2.00%
2024-12-22T11:33:55.786Z: 内存使用最多的前 3 个 Docker 容器:
2024-12-22T11:38:55.894Z: 当前内存使用率: 72.36%
2024-12-22T11:38:55.936Z: 获取 Docker 容器信息时出错: connect ENOENT /var/run/docker.sock
2024-12-22T11:38:55.936Z: 内存使用最多的前 3 个进程:
2024-12-22T11:38:55.936Z: PID: 1932, 名称: node, 内存: 4.10%
2024-12-22T11:38:55.936Z: PID: 1927, 名称: node, 内存: 2.00%
2024-12-22T11:38:55.936Z: PID: 868, 名称: node, 内存: 1.90%
2024-12-22T11:38:55.936Z: 内存使用最多的前 3 个 Docker 容器:
2024-12-22T11:39:55.997Z: 当前内存使用率: 70.92%
2024-12-22T11:39:56.040Z: 获取 Docker 容器信息时出错: connect ENOENT /var/run/docker.sock
2024-12-22T11:39:56.040Z: 内存使用最多的前 3 个进程:
2024-12-22T11:39:56.040Z: PID: 1932, 名称: node, 内存: 4.10%
2024-12-22T11:39:56.040Z: PID: 1927, 名称: node, 内存: 2.00%
2024-12-22T11:39:56.041Z: PID: 868, 名称: node, 内存: 1.90%
2024-12-22T11:39:56.041Z: 内存使用最多的前 3 个 Docker 容器:
2024-12-22T11:40:56.095Z: 当前内存使用率: 65.38%
2024-12-22T11:40:56.133Z: 获取 Docker 容器信息时出错: connect ENOENT /var/run/docker.sock
2024-12-22T11:40:56.134Z: 内存使用最多的前 3 个进程:
2024-12-22T11:40:56.134Z: PID: 1932, 名称: node, 内存: 4.10%
2024-12-22T11:40:56.135Z: PID: 1927, 名称: node, 内存: 2.00%
2024-12-22T11:40:56.135Z: PID: 868, 名称: node, 内存: 1.90%
2024-12-22T11:40:56.135Z: 内存使用最多的前 3 个 Docker 容器:
2024-12-22T11:41:56.184Z: 当前内存使用率: 65.87%
2024-12-22T11:41:56.224Z: 获取 Docker 容器信息时出错: connect ENOENT /var/run/docker.sock
2024-12-22T11:41:56.224Z: 内存使用最多的前 3 个进程:
2024-12-22T11:41:56.224Z: PID: 1932, 名称: node, 内存: 4.10%
2024-12-22T11:41:56.224Z: PID: 868, 名称: node, 内存: 2.00%
2024-12-22T11:41:56.224Z: PID: 1927, 名称: node, 内存: 2.00%
2024-12-22T11:41:56.224Z: 内存使用最多的前 3 个 Docker 容器:
