2024-12-28 07:10:14 0 0
2025-01-21 07:10:14 70151909 98636239
2025-01-21 07:15:35 70567520 99046667
2025-01-21 07:15:38 70573104 99051906
2025-01-21 07:15:39 70577666 99058336
2025-01-21 07:18:05 70951155 99481343
2025-01-21 07:21:05 71289590 99851446
2025-01-21 07:32:50 72492035 101375372
2025-01-21 07:40:43 73089166 102023962
2025-01-21 07:47:28 73463583 102405866
2025-01-21 07:49:31 73692938 102652450
2025-01-21 07:55:07 74393730 103581689
2025-01-21 07:58:09 74662636 103869460
2025-01-21 08:00:12 74774459 103978510
2025-01-21 08:00:31 74799473 104009145
2025-01-21 08:02:16 75001579 104210706
2025-01-21 08:03:21 75052198 104266518
2025-01-21 08:04:50 75241898 104459784
2025-01-21 08:05:15 75277833 104498983
2025-01-21 08:05:53 75360556 104581598
2025-01-21 08:06:23 76110881 105615659
2025-01-21 08:08:24 76889975 105993156
2025-01-21 08:08:35 76929106 106027690
2025-01-21 08:09:03 76979119 106068871
2025-01-21 08:31:01 77975596 106973358
2025-01-21 08:36:12 78525063 107561338
2025-01-21 09:40:31 78648793 107579186
2025-01-21 09:44:16 83244610 110830848
2025-01-22 02:55:11 89864024 114735959
2025-01-22 02:55:29 89876336 114745169
2025-01-22 02:57:16 90140727 115098596
2025-01-22 02:58:16 90227237 115202312
2025-01-22 02:59:23 90300515 115278285
2025-01-22 03:00:41 90432261 115380154
2025-01-22 03:02:50 90507347 115453452
2025-01-22 03:05:37 90617368 115534912
2025-01-22 03:10:00 90846288 115663334
2025-01-22 04:10:00 91021688 115669833
2025-01-22 05:10:00 91197449 115676307
2025-01-22 07:26:44 94662965 118493020
2025-01-22 08:10:00 95567177 118796022
2025-01-22 09:10:00 96296085 119046992
2025-01-22 10:10:00 97101648 119322046
2025-01-22 11:10:00 97463086 119405910
2025-01-22 12:10:00 97619228 119405910
2025-01-22 13:10:00 97772598 119405910
2025-01-22 14:10:00 97946578 119405910
2025-01-22 15:10:00 98114277 119405910
2025-01-22 16:10:00 98267269 119405910
2025-01-22 17:10:00 98420513 119405910
2025-01-22 18:10:00 98572708 119405910
2025-01-22 19:10:00 98725574 119405910
2025-01-22 20:10:00 98878692 119405910
2025-01-22 21:10:00 99031810 119405910
2025-01-22 22:10:00 99183627 119405910
2025-01-22 23:10:00 99337123 119405910
2025-01-23 00:10:00 99490073 119405910
2025-01-23 01:10:00 99641494 119405910
2025-02-11 02:19:39 37551188 20105714
2025-02-11 02:20:10 37584746 20136040
2025-02-11 02:28:17 37906318 20449163
2025-02-11 02:30:38 38146128 20651207
2025-02-11 02:38:36 39635925 22102542
2025-02-11 02:42:18 39783981 22202730
2025-02-11 03:01:00 40093158 22398821
2025-02-28 06:28:56 78117380 30596992
2025-02-28 06:29:11 78133812 30608913
2025-02-28 06:44:32 79231004 31809172
2025-02-28 07:01:00 79350304 31892628
2025-02-28 07:44:39 80074509 32370161
2025-02-28 07:45:27 80111848 32408089
2025-02-28 08:01:00 80254386 32501032
2025-02-28 09:01:00 80403765 32505612
2025-02-28 10:01:00 80553905 32510126
2025-02-28 11:01:00 80704280 32514838
2025-02-28 12:01:00 80838516 32514838
2025-02-28 13:01:00 80971451 32514838
2025-02-28 14:01:00 81124083 32514838
2025-02-28 15:01:00 81279335 32515538
2025-02-28 16:01:00 81421887 32515538
2025-02-28 17:01:00 81556408 32515538
2025-02-28 18:01:00 81690896 32515538
2025-02-28 19:01:00 81829635 32516164
2025-02-28 20:01:00 81961706 32516164
2025-02-28 21:01:00 82098450 32516164
2025-02-28 22:01:00 82232938 32516164
2025-02-28 23:01:00 82368004 32516164
2025-03-01 00:01:00 82507365 32516164
2025-03-01 01:01:00 82647082 32520623
2025-03-01 02:01:00 82786978 32520623
2025-03-01 03:01:00 82926413 32520623
2025-03-01 04:01:00 83062661 32521314
2025-03-01 05:01:00 83196015 32521314
2025-03-01 06:01:00 83329821 32521314
2025-03-01 07:01:00 83464394 32521314
2025-03-01 08:01:00 83600898 32521314
2025-03-01 09:01:00 83738533 32522029
2025-03-01 10:01:00 83871362 32522029
2025-03-01 11:01:00 84004758 32522029
2025-03-01 12:01:00 84138690 32522029
2025-03-01 13:01:00 84272783 32522029
2025-03-01 14:01:00 84419091 32522029
2025-03-01 15:01:00 84569203 32522029
2025-03-01 16:01:00 84707567 32522029
2025-03-01 17:01:00 84847814 32527593
2025-03-01 18:01:00 84984066 32527593
2025-03-01 19:01:00 85117042 32527593
2025-03-01 20:01:00 85250379 32527593
2025-03-01 21:01:00 85384087 32527593
2025-03-01 22:01:00 85516685 32527593
2025-03-01 23:01:00 85628871 32527593
2025-03-02 00:01:00 85744418 32527593
2025-03-02 01:01:00 85856604 32527593
2025-03-02 02:01:00 85985026 32527593
2025-03-02 03:01:00 86133245 32527593
2025-03-02 04:01:00 86284215 32527593
2025-03-02 05:01:00 86431555 32527593
2025-03-02 06:01:00 86579651 32527593
2025-03-02 07:01:00 86693382 32527593
2025-03-02 08:01:00 86807154 32527593
2025-03-02 09:01:00 86919340 32527593
2025-03-02 10:01:00 87031337 32527593
2025-03-02 11:01:00 87144065 32527593
2025-03-02 12:01:00 87258574 32528219
2025-03-02 13:01:00 87370760 32528219
2025-03-02 14:01:00 87508957 32528219
2025-03-02 15:01:00 87656423 32528219
2025-03-02 16:01:00 87784307 32528219
2025-03-02 17:01:00 87897484 32528219
2025-03-02 18:01:00 88011465 32528845
2025-03-02 19:01:00 88125489 32528845
2025-03-02 20:01:00 88237675 32528845
2025-03-02 21:01:00 88349190 32528845
2025-03-02 22:01:00 88462132 32528845
2025-03-02 23:01:00 88574948 32528845
2025-03-03 00:01:00 88686991 32528845
2025-03-03 01:01:00 88840915 32528845
2025-03-03 02:01:00 89033741 32528845
2025-03-03 03:01:00 89235111 32528845
2025-03-03 04:01:00 89425628 32528845
2025-03-03 05:01:00 89609130 32528845
2025-03-03 06:01:00 89809292 32528845
2025-03-03 07:01:00 90006889 32528845
2025-03-03 08:01:00 90139337 32528845
2025-03-03 09:01:00 90270045 32528845
2025-03-03 10:01:00 90400815 32528845
2025-03-03 11:01:00 90530852 32528845
2025-03-03 12:01:00 90661686 32528845
2025-03-03 13:01:00 90792394 32528845
2025-03-03 14:01:00 90943141 32528845
2025-03-03 15:01:00 91107121 32528845
